2025-10-13 12:49:09,697-INFO=Ingesting begin_inventory.csv in db
2025-10-13 12:49:13,059-INFO=Ingesting end_inventory.csv in db
2025-10-13 12:49:24,108-INFO=Ingesting purchases.csv in db
2025-10-13 12:50:56,262-INFO=Ingesting purchase_prices.csv in db
2025-10-13 12:51:25,893-INFO=Ingesting sales.csv in db
2025-10-13 13:03:11,286-INFO=Ingesting vendor_invoice.csv in db
2025-10-13 13:03:11,694-ERROR=No such comm target registered: jupyter.widget.control
2025-10-13 13:03:11,700-WARNING=No such comm: 024eeb2e-b65f-4710-aeba-5947bedb2793
2025-10-13 13:03:11,700-DEBUG=Current comms: []
2025-10-13 13:46:18,974-ERROR=No such comm target registered: jupyter.widget.control
2025-10-13 13:46:18,976-WARNING=No such comm: 7c353615-8e38-4151-a4f6-6dd0edb0d736
2025-10-13 13:46:18,977-DEBUG=Current comms: []
2025-10-13 14:07:50,691-ERROR=No such comm target registered: jupyter.widget.control
2025-10-13 14:07:50,739-WARNING=No such comm: e167170f-5006-4103-83ce-13bd9fc5d817
2025-10-13 14:07:50,739-DEBUG=Current comms: []
2025-10-13 14:44:44,981-ERROR=No such comm target registered: jupyter.widget.control
2025-10-13 14:44:44,985-WARNING=No such comm: 16fc4547-308a-4618-87d4-50b7faccf5a4
2025-10-13 14:44:44,985-DEBUG=Current comms: []
2025-10-13 14:45:53,542-ERROR=No such comm target registered: jupyter.widget.control
2025-10-13 14:45:53,548-WARNING=No such comm: 7f47bc63-803d-40f3-9b63-cbadf672c0ec
2025-10-13 14:45:53,548-DEBUG=Current comms: []
2025-10-13 15:19:14,590-ERROR=No such comm target registered: jupyter.widget.control
2025-10-13 15:19:14,593-WARNING=No such comm: 0517b1f8-0c5e-4650-9cba-ff8f4d03876c
2025-10-13 15:19:14,594-DEBUG=Current comms: []
2025-10-13 15:26:02,704-ERROR=No such comm target registered: jupyter.widget.control
2025-10-13 15:26:02,707-WARNING=No such comm: 6bd6a197-293f-4797-9167-7f6a877f6988
2025-10-13 15:26:02,707-DEBUG=Current comms: []
2025-10-13 15:39:29,988-ERROR=No such comm target registered: jupyter.widget.control
2025-10-13 15:39:29,990-WARNING=No such comm: f4ff0aac-8a7e-4634-914b-fae4cecffeee
2025-10-13 15:39:29,990-DEBUG=Current comms: []
2025-10-13 15:59:24,970-ERROR=No such comm target registered: jupyter.widget.control
2025-10-13 15:59:24,974-WARNING=No such comm: e1f988c2-5b50-4724-8b61-c7f5db39d965
2025-10-13 15:59:24,974-DEBUG=Current comms: []
2025-10-13 16:23:28,097-ERROR=No such comm target registered: jupyter.widget.control
2025-10-13 16:23:28,100-WARNING=No such comm: 8e6d70ec-1488-4046-b4e4-5215441488b9
2025-10-13 16:23:28,100-DEBUG=Current comms: []
2025-10-13 17:44:01,889-ERROR=No such comm target registered: jupyter.widget.control
2025-10-13 17:44:01,894-WARNING=No such comm: c9bb178e-8869-435e-be9e-082efc655a2e
2025-10-13 17:44:01,894-DEBUG=Current comms: []
2025-10-13 17:57:18,653-ERROR=No such comm target registered: jupyter.widget.control
2025-10-13 17:57:18,656-WARNING=No such comm: 02c892da-a225-4098-8122-a693d012eee4
2025-10-13 17:57:18,656-DEBUG=Current comms: []
2025-10-13 18:06:49,919-ERROR=No such comm target registered: jupyter.widget.control
2025-10-13 18:06:49,925-WARNING=No such comm: 7d225389-6e2b-40fa-a6f4-e196fb3b9f0a
2025-10-13 18:06:49,925-DEBUG=Current comms: []
2025-10-13 18:22:54,568-ERROR=No such comm target registered: jupyter.widget.control
2025-10-13 18:22:54,572-WARNING=No such comm: e4763dc1-8bd4-4ad2-bec0-03aa52fb13c5
2025-10-13 18:22:54,572-DEBUG=Current comms: []
2025-10-13 19:05:28,463-INFO=Creating Vendor Summary Table...
2025-10-13 19:06:03,635-INFO=Cleaning Data
2025-10-13 19:06:03,655-INFO=Ingesting data...
2025-10-13 19:06:03,738-INFO=Completed
2025-10-13 19:07:27,140-INFO=Creating Vendor Summary Table...
2025-10-13 19:08:01,036-INFO=   VendorNumber                   VendorName  Brand              Description  \
0          1128  BROWN-FORMAN CORP             1233  Jack Daniels No 7 Black   
1          4425        MARTIGNETTI COMPANIES   3405    Tito's Handmade Vodka   
2         17035  PERNOD RICARD USA             8068         Absolut 80 Proof   
3          3960  DIAGEO NORTH AMERICA INC      4261   Capt Morgan Spiced Rum   
4          3960  DIAGEO NORTH AMERICA INC      3545          Ketel One Vodka   

   PurchasePrice  ActualPrice Volume  TotalPurchaseQuantity  \
0          26.27        36.99   1750                 145080   
1          23.19        28.99   1750                 164038   
2          18.24        24.99   1750                 187407   
3          16.17        22.99   1750                 201682   
4          21.89        29.99   1750                 138109   

   TotalPurchaseDollars  TotalSalesQuantity  TotalSalesDollars  \
0            3811251.60            142049.0         5101919.51   
1            3804041.22            160247.0         4819073.49   
2            3418303.68            187140.0         4538120.60   
3            3261197.94            200412.0         4475972.88   
4            3023206.01            135838.0         4223107.62   

   TotalSalesPrice  TotalExciseTax  FreightCost  
0        672819.31       260999.20     68601.68  
1        561512.37       294438.66    144929.24  
2        461140.15       343854.07    123780.22  
3        420050.01       368242.80    257032.07  
4        545778.28       249587.83    257032.07  
2025-10-13 19:08:01,042-INFO=Cleaning Data
2025-10-13 19:08:01,058-INFO=   VendorNumber                VendorName  Brand              Description  \
0          1128         BROWN-FORMAN CORP   1233  Jack Daniels No 7 Black   
1          4425     MARTIGNETTI COMPANIES   3405    Tito's Handmade Vodka   
2         17035         PERNOD RICARD USA   8068         Absolut 80 Proof   
3          3960  DIAGEO NORTH AMERICA INC   4261   Capt Morgan Spiced Rum   
4          3960  DIAGEO NORTH AMERICA INC   3545          Ketel One Vodka   

   PurchasePrice  ActualPrice  Volume  TotalPurchaseQuantity  \
0          26.27        36.99  1750.0                 145080   
1          23.19        28.99  1750.0                 164038   
2          18.24        24.99  1750.0                 187407   
3          16.17        22.99  1750.0                 201682   
4          21.89        29.99  1750.0                 138109   

   TotalPurchaseDollars  TotalSalesQuantity  TotalSalesDollars  \
0            3811251.60            142049.0         5101919.51   
1            3804041.22            160247.0         4819073.49   
2            3418303.68            187140.0         4538120.60   
3            3261197.94            200412.0         4475972.88   
4            3023206.01            135838.0         4223107.62   

   TotalSalesPrice  TotalExciseTax  FreightCost  GrossProfit  ProfitMargin  \
0        672819.31       260999.20     68601.68   1290667.91      0.252977   
1        561512.37       294438.66    144929.24   1015032.27      0.210628   
2        461140.15       343854.07    123780.22   1119816.92      0.246758   
3        420050.01       368242.80    257032.07   1214774.94      0.271399   
4        545778.28       249587.83    257032.07   1199901.61      0.284128   

   StockTurnover  SalestoPurchaseRatio  
0       0.979108              1.338647  
1       0.976890              1.266830  
2       0.998575              1.327594  
3       0.993703              1.372493  
4       0.983556              1.396897  
2025-10-13 19:08:01,063-INFO=Ingesting data...
2025-10-13 19:08:01,168-INFO=Completed
2025-10-13 19:08:01,183-INFO=Creating Vendor Summary Table...
2025-10-13 19:08:36,758-INFO=   VendorNumber                   VendorName  Brand              Description  \
0          1128  BROWN-FORMAN CORP             1233  Jack Daniels No 7 Black   
1          4425        MARTIGNETTI COMPANIES   3405    Tito's Handmade Vodka   
2         17035  PERNOD RICARD USA             8068         Absolut 80 Proof   
3          3960  DIAGEO NORTH AMERICA INC      4261   Capt Morgan Spiced Rum   
4          3960  DIAGEO NORTH AMERICA INC      3545          Ketel One Vodka   

   PurchasePrice  ActualPrice Volume  TotalPurchaseQuantity  \
0          26.27        36.99   1750                 145080   
1          23.19        28.99   1750                 164038   
2          18.24        24.99   1750                 187407   
3          16.17        22.99   1750                 201682   
4          21.89        29.99   1750                 138109   

   TotalPurchaseDollars  TotalSalesQuantity  TotalSalesDollars  \
0            3811251.60            142049.0         5101919.51   
1            3804041.22            160247.0         4819073.49   
2            3418303.68            187140.0         4538120.60   
3            3261197.94            200412.0         4475972.88   
4            3023206.01            135838.0         4223107.62   

   TotalSalesPrice  TotalExciseTax  FreightCost  
0        672819.31       260999.20     68601.68  
1        561512.37       294438.66    144929.24  
2        461140.15       343854.07    123780.22  
3        420050.01       368242.80    257032.07  
4        545778.28       249587.83    257032.07  
2025-10-13 19:08:36,764-INFO=Cleaning Data
2025-10-13 19:08:36,781-INFO=   VendorNumber                VendorName  Brand              Description  \
0          1128         BROWN-FORMAN CORP   1233  Jack Daniels No 7 Black   
1          4425     MARTIGNETTI COMPANIES   3405    Tito's Handmade Vodka   
2         17035         PERNOD RICARD USA   8068         Absolut 80 Proof   
3          3960  DIAGEO NORTH AMERICA INC   4261   Capt Morgan Spiced Rum   
4          3960  DIAGEO NORTH AMERICA INC   3545          Ketel One Vodka   

   PurchasePrice  ActualPrice  Volume  TotalPurchaseQuantity  \
0          26.27        36.99  1750.0                 145080   
1          23.19        28.99  1750.0                 164038   
2          18.24        24.99  1750.0                 187407   
3          16.17        22.99  1750.0                 201682   
4          21.89        29.99  1750.0                 138109   

   TotalPurchaseDollars  TotalSalesQuantity  TotalSalesDollars  \
0            3811251.60            142049.0         5101919.51   
1            3804041.22            160247.0         4819073.49   
2            3418303.68            187140.0         4538120.60   
3            3261197.94            200412.0         4475972.88   
4            3023206.01            135838.0         4223107.62   

   TotalSalesPrice  TotalExciseTax  FreightCost  GrossProfit  ProfitMargin  \
0        672819.31       260999.20     68601.68   1290667.91      0.252977   
1        561512.37       294438.66    144929.24   1015032.27      0.210628   
2        461140.15       343854.07    123780.22   1119816.92      0.246758   
3        420050.01       368242.80    257032.07   1214774.94      0.271399   
4        545778.28       249587.83    257032.07   1199901.61      0.284128   

   StockTurnover  SalestoPurchaseRatio  
0       0.979108              1.338647  
1       0.976890              1.266830  
2       0.998575              1.327594  
3       0.993703              1.372493  
4       0.983556              1.396897  
2025-10-13 19:08:36,786-INFO=Ingesting data...
2025-10-13 19:08:36,851-INFO=Completed
2025-10-13 19:08:55,060-INFO=Creating Vendor Summary Table...
2025-10-13 19:09:30,190-INFO=   VendorNumber                   VendorName  Brand              Description  \
0          1128  BROWN-FORMAN CORP             1233  Jack Daniels No 7 Black   
1          4425        MARTIGNETTI COMPANIES   3405    Tito's Handmade Vodka   
2         17035  PERNOD RICARD USA             8068         Absolut 80 Proof   
3          3960  DIAGEO NORTH AMERICA INC      4261   Capt Morgan Spiced Rum   
4          3960  DIAGEO NORTH AMERICA INC      3545          Ketel One Vodka   

   PurchasePrice  ActualPrice Volume  TotalPurchaseQuantity  \
0          26.27        36.99   1750                 145080   
1          23.19        28.99   1750                 164038   
2          18.24        24.99   1750                 187407   
3          16.17        22.99   1750                 201682   
4          21.89        29.99   1750                 138109   

   TotalPurchaseDollars  TotalSalesQuantity  TotalSalesDollars  \
0            3811251.60            142049.0         5101919.51   
1            3804041.22            160247.0         4819073.49   
2            3418303.68            187140.0         4538120.60   
3            3261197.94            200412.0         4475972.88   
4            3023206.01            135838.0         4223107.62   

   TotalSalesPrice  TotalExciseTax  FreightCost  
0        672819.31       260999.20     68601.68  
1        561512.37       294438.66    144929.24  
2        461140.15       343854.07    123780.22  
3        420050.01       368242.80    257032.07  
4        545778.28       249587.83    257032.07  
2025-10-13 19:09:30,195-INFO=Cleaning Data
2025-10-13 19:09:30,213-INFO=   VendorNumber                VendorName  Brand              Description  \
0          1128         BROWN-FORMAN CORP   1233  Jack Daniels No 7 Black   
1          4425     MARTIGNETTI COMPANIES   3405    Tito's Handmade Vodka   
2         17035         PERNOD RICARD USA   8068         Absolut 80 Proof   
3          3960  DIAGEO NORTH AMERICA INC   4261   Capt Morgan Spiced Rum   
4          3960  DIAGEO NORTH AMERICA INC   3545          Ketel One Vodka   

   PurchasePrice  ActualPrice  Volume  TotalPurchaseQuantity  \
0          26.27        36.99  1750.0                 145080   
1          23.19        28.99  1750.0                 164038   
2          18.24        24.99  1750.0                 187407   
3          16.17        22.99  1750.0                 201682   
4          21.89        29.99  1750.0                 138109   

   TotalPurchaseDollars  TotalSalesQuantity  TotalSalesDollars  \
0            3811251.60            142049.0         5101919.51   
1            3804041.22            160247.0         4819073.49   
2            3418303.68            187140.0         4538120.60   
3            3261197.94            200412.0         4475972.88   
4            3023206.01            135838.0         4223107.62   

   TotalSalesPrice  TotalExciseTax  FreightCost  GrossProfit  ProfitMargin  \
0        672819.31       260999.20     68601.68   1290667.91      0.252977   
1        561512.37       294438.66    144929.24   1015032.27      0.210628   
2        461140.15       343854.07    123780.22   1119816.92      0.246758   
3        420050.01       368242.80    257032.07   1214774.94      0.271399   
4        545778.28       249587.83    257032.07   1199901.61      0.284128   

   StockTurnover  SalestoPurchaseRatio  
0       0.979108              1.338647  
1       0.976890              1.266830  
2       0.998575              1.327594  
3       0.993703              1.372493  
4       0.983556              1.396897  
2025-10-13 19:09:30,223-INFO=Ingesting data...
2025-10-13 19:09:30,404-INFO=Completed
2025-10-13 19:09:30,425-INFO=Creating Vendor Summary Table...
2025-10-13 19:10:05,354-INFO=   VendorNumber                   VendorName  Brand              Description  \
0          1128  BROWN-FORMAN CORP             1233  Jack Daniels No 7 Black   
1          4425        MARTIGNETTI COMPANIES   3405    Tito's Handmade Vodka   
2         17035  PERNOD RICARD USA             8068         Absolut 80 Proof   
3          3960  DIAGEO NORTH AMERICA INC      4261   Capt Morgan Spiced Rum   
4          3960  DIAGEO NORTH AMERICA INC      3545          Ketel One Vodka   

   PurchasePrice  ActualPrice Volume  TotalPurchaseQuantity  \
0          26.27        36.99   1750                 145080   
1          23.19        28.99   1750                 164038   
2          18.24        24.99   1750                 187407   
3          16.17        22.99   1750                 201682   
4          21.89        29.99   1750                 138109   

   TotalPurchaseDollars  TotalSalesQuantity  TotalSalesDollars  \
0            3811251.60            142049.0         5101919.51   
1            3804041.22            160247.0         4819073.49   
2            3418303.68            187140.0         4538120.60   
3            3261197.94            200412.0         4475972.88   
4            3023206.01            135838.0         4223107.62   

   TotalSalesPrice  TotalExciseTax  FreightCost  
0        672819.31       260999.20     68601.68  
1        561512.37       294438.66    144929.24  
2        461140.15       343854.07    123780.22  
3        420050.01       368242.80    257032.07  
4        545778.28       249587.83    257032.07  
2025-10-13 19:10:05,357-INFO=Cleaning Data
2025-10-13 19:10:05,374-INFO=   VendorNumber                VendorName  Brand              Description  \
0          1128         BROWN-FORMAN CORP   1233  Jack Daniels No 7 Black   
1          4425     MARTIGNETTI COMPANIES   3405    Tito's Handmade Vodka   
2         17035         PERNOD RICARD USA   8068         Absolut 80 Proof   
3          3960  DIAGEO NORTH AMERICA INC   4261   Capt Morgan Spiced Rum   
4          3960  DIAGEO NORTH AMERICA INC   3545          Ketel One Vodka   

   PurchasePrice  ActualPrice  Volume  TotalPurchaseQuantity  \
0          26.27        36.99  1750.0                 145080   
1          23.19        28.99  1750.0                 164038   
2          18.24        24.99  1750.0                 187407   
3          16.17        22.99  1750.0                 201682   
4          21.89        29.99  1750.0                 138109   

   TotalPurchaseDollars  TotalSalesQuantity  TotalSalesDollars  \
0            3811251.60            142049.0         5101919.51   
1            3804041.22            160247.0         4819073.49   
2            3418303.68            187140.0         4538120.60   
3            3261197.94            200412.0         4475972.88   
4            3023206.01            135838.0         4223107.62   

   TotalSalesPrice  TotalExciseTax  FreightCost  GrossProfit  ProfitMargin  \
0        672819.31       260999.20     68601.68   1290667.91      0.252977   
1        561512.37       294438.66    144929.24   1015032.27      0.210628   
2        461140.15       343854.07    123780.22   1119816.92      0.246758   
3        420050.01       368242.80    257032.07   1214774.94      0.271399   
4        545778.28       249587.83    257032.07   1199901.61      0.284128   

   StockTurnover  SalestoPurchaseRatio  
0       0.979108              1.338647  
1       0.976890              1.266830  
2       0.998575              1.327594  
3       0.993703              1.372493  
4       0.983556              1.396897  
2025-10-13 19:10:05,386-INFO=Ingesting data...
2025-10-13 19:10:05,501-INFO=Completed
2025-10-13 19:14:49,905-ERROR=No such comm target registered: jupyter.widget.control
2025-10-13 19:14:49,908-WARNING=No such comm: 06f6ccc0-1c2b-4c09-b2db-c739c6671a16
2025-10-13 19:14:49,908-DEBUG=Current comms: []
2025-10-13 19:14:51,384-ERROR=No such comm target registered: jupyter.widget.control
2025-10-13 19:14:51,387-WARNING=No such comm: 36201033-9d0d-4beb-a06b-5c1840b55a53
2025-10-13 19:14:51,387-DEBUG=Current comms: []
2025-10-13 19:15:57,943-ERROR=No such comm target registered: jupyter.widget.control
2025-10-13 19:15:57,946-WARNING=No such comm: 1e669958-3dd7-4faa-b4d5-3be047bd6e41
2025-10-13 19:15:57,946-DEBUG=Current comms: []
2025-10-13 19:20:30,342-ERROR=No such comm target registered: jupyter.widget.control
2025-10-13 19:20:30,344-WARNING=No such comm: 92808371-64d8-4409-9043-b7e72d0bd19a
2025-10-13 19:20:30,344-DEBUG=Current comms: []
2025-10-13 19:41:14,218-ERROR=No such comm target registered: jupyter.widget.control
2025-10-13 19:41:14,232-WARNING=No such comm: cf7678c6-a3c3-4a0e-878f-205b08963dfb
2025-10-13 19:41:14,234-DEBUG=Current comms: []
2025-10-13 19:58:47,704-ERROR=No such comm target registered: jupyter.widget.control
2025-10-13 19:58:47,706-WARNING=No such comm: ea515716-619e-439a-8f92-ffa3f98b69f1
2025-10-13 19:58:47,706-DEBUG=Current comms: []
2025-10-20 22:22:31,756-INFO=Creating Vendor Summary Table...
2025-10-20 22:23:54,928-INFO=   VendorNumber                   VendorName  Brand              Description  \
0          1128  BROWN-FORMAN CORP             1233  Jack Daniels No 7 Black   
1          4425        MARTIGNETTI COMPANIES   3405    Tito's Handmade Vodka   
2         17035  PERNOD RICARD USA             8068         Absolut 80 Proof   
3          3960  DIAGEO NORTH AMERICA INC      4261   Capt Morgan Spiced Rum   
4          3960  DIAGEO NORTH AMERICA INC      3545          Ketel One Vodka   

   PurchasePrice  ActualPrice Volume  TotalPurchaseQuantity  \
0          26.27        36.99   1750                 145080   
1          23.19        28.99   1750                 164038   
2          18.24        24.99   1750                 187407   
3          16.17        22.99   1750                 201682   
4          21.89        29.99   1750                 138109   

   TotalPurchaseDollars  TotalSalesQuantity  TotalSalesDollars  \
0            3811251.60            142049.0         5101919.51   
1            3804041.22            160247.0         4819073.49   
2            3418303.68            187140.0         4538120.60   
3            3261197.94            200412.0         4475972.88   
4            3023206.01            135838.0         4223107.62   

   TotalSalesPrice  TotalExciseTax  FreightCost  
0        672819.31       260999.20     68601.68  
1        561512.37       294438.66    144929.24  
2        461140.15       343854.07    123780.22  
3        420050.01       368242.80    257032.07  
4        545778.28       249587.83    257032.07  
2025-10-20 22:23:54,949-INFO=Cleaning Data
2025-10-20 22:23:54,979-INFO=   VendorNumber                VendorName  Brand              Description  \
0          1128         BROWN-FORMAN CORP   1233  Jack Daniels No 7 Black   
1          4425     MARTIGNETTI COMPANIES   3405    Tito's Handmade Vodka   
2         17035         PERNOD RICARD USA   8068         Absolut 80 Proof   
3          3960  DIAGEO NORTH AMERICA INC   4261   Capt Morgan Spiced Rum   
4          3960  DIAGEO NORTH AMERICA INC   3545          Ketel One Vodka   

   PurchasePrice  ActualPrice  Volume  TotalPurchaseQuantity  \
0          26.27        36.99  1750.0                 145080   
1          23.19        28.99  1750.0                 164038   
2          18.24        24.99  1750.0                 187407   
3          16.17        22.99  1750.0                 201682   
4          21.89        29.99  1750.0                 138109   

   TotalPurchaseDollars  TotalSalesQuantity  TotalSalesDollars  \
0            3811251.60            142049.0         5101919.51   
1            3804041.22            160247.0         4819073.49   
2            3418303.68            187140.0         4538120.60   
3            3261197.94            200412.0         4475972.88   
4            3023206.01            135838.0         4223107.62   

   TotalSalesPrice  TotalExciseTax  FreightCost  GrossProfit  ProfitMargin  \
0        672819.31       260999.20     68601.68   1290667.91      0.252977   
1        561512.37       294438.66    144929.24   1015032.27      0.210628   
2        461140.15       343854.07    123780.22   1119816.92      0.246758   
3        420050.01       368242.80    257032.07   1214774.94      0.271399   
4        545778.28       249587.83    257032.07   1199901.61      0.284128   

   StockTurnover  SalestoPurchaseRatio  
0       0.979108              1.338647  
1       0.976890              1.266830  
2       0.998575              1.327594  
3       0.993703              1.372493  
4       0.983556              1.396897  
2025-10-20 22:23:54,999-INFO=Ingesting data...
2025-10-20 22:23:55,432-INFO=Completed
